350
0 2346 79 9007
1 9129 7120 7457 1786
2 6661
3 3018 7026 6453 935 7332
4 6572 4365 5064 8462
5 9290
7 3468 6748 3895 6534 321 1683
8 8716 8134
9 2095
10 6846 4765 2666
12 2962 2327
13 5326 4107 6049 1979 3360 6214
15 2240 9953 3827 1668 6262
16 6889 6833
18 1079 208 5445 9545
19 6226
20 4529 1747 6635
21 5386
23 8812 1266 6666 8125
24 5188
25 4442
27 3173 8431
28 7438 9244 3718
29 110 6202
30 5889 2589
32 3877 2407 447 2240 1534
33 5507 3074
34 935 79
35 3232 1299 569 2962
37 5219 9822 1039 4901 8134
39 9720 4193 6030
40 2892
42 2208 6054 8134 6067
43 1157 9545
44 411 8293
45 6608 9463 6075 8125 569 7278
47 9139
48 6534 7652 979 9968
49 7413 8193 8427 5053
50 6724
51 3882
52 935
53 1865 7684
54 3023 625 4619
55 9704
56 4199 4873 8386 3588 6100
57 9007 3074 9254
58 935
59 3885 2
60 7500 8971
61 7997 6692 5097 3690 1752 2643
62 6267 427 1755 7133
63 4962 1668
64 8498 4282
65 9917
67 2527 8470 2962 2790
68 7949
69 7699 8345
71 360
72 4717
74 9533 286 3752
75 7146
76 8265 3697 3783 3043 2240 5715 7736
77 9842 2139
78 8343 162 7762 7652
79 4923 3074 5314 3006 7240
80 5992 8491
81 3987 3163
82 5437
83 367 5748
84 2423 4401 2962 5715 7296 5674 935
85 8324
86 3074
87 1752 8345 1383 4199 739
88 7456 2555 3203 3271 5412 1117
89 2704
92 8130 3728
93 728
94 5818 3836 7949 3504 8854 6168 7413
98 2240
99 6712
101 2679 1736
102 5762 8920
104 9244 9848 5848 1260
105 238 2986 6161
106 3441 2114 7880 1348 5 6101 3023 6467
107 205 5821 7575
108 1339 321
111 5483 5445 2962 3894
112 79 8431
113 3012
114 1998 4824
119 1689
121 2650 1429 7949
122 8994
124 7660 152
125 2041 6518 6584
126 8069
127 9819 3830
128 9654
130 8520
131 3894 3441 7880
134 352
135 6537 2114 5412 847 9533 702 2
138 8412 4340
139 2670
140 6327
141 8387 2212
142 8234 9353
144 7684
145 951 3012
146 6613 1774 5193
148 2 9842 9139
149 208
150 7762 4199
151 183
152 5677 436 7902
153 447
155 2288 1134 3283 9533
156 2880 843 4317
158 550 321 4352 3936 3012 7997
160 6487 9395 7314 3784 8836 2892
161 323 9065 9244 3533 6672
162 5543 7179 3877 1348
163 3723 2480 5715
165 3199
166 2288 1343
167 3982
168 1561 4143
171 1986 7413 7153 3731
172 221 9075 3665
173 4923 3012 4314 7240
174 5381 3525
175 3371
176 321 4931 9842
177 3703 1279 7820 5294
178 1752 5412 8224
179 3521
180 668
181 9032
182 5715
184 1668 5507 8910
185 3801
186 2322
187 7296
192 7762 3106
193 8031 6054 5099 935 8450 5437 2683
196 321
197 4071 3102 7973 2537
199 6920
200 9615 4901
201 9007 6778
203 2619
204 7949 8387 9842
206 2817 3043
207 7575 7987 4985 9007 7120
209 6013 259 502
210 1781 5543
211 6938 8886 1625
212 5340
216 2932 8005 4728 148
218 2896 9301
220 4326 2318 9842
221 4985 4071 1145
222 876
224 79 1560 6021
226 4020 5504 3074 6153
227 8994 6178 2240
229 6938
230 9842 9545 4647
231 5456
232 5500 4249
233 8439 3007 5869 2155 2288
234 1343 8439 2025
235 238 3304 1923
238 1668
239 8280
241 4400 5340 79
243 5340
244 6583 6225 5274
247 2962
248 8293 2327
250 2608
252 5763 2643 4349 5902
254 3074
255 3356
257 8331
260 502
263 1226
264 71 2986 5715
265 8716
267 2962 541
269 935 4282 4824 2164
271 3877
272 5122 4199
273 1228
274 9842 8118 6988 3936
276 8125 5340
277 1534 8994
279 4400 79 842
280 2288 5548 420 105
281 8214 1405 935 9244
282 8484 6945 2
283 2116
284 3784
285 7762 8121
287 4326
288 5885
289 79
291 207 5062
293 8477
294 2155 79
295 3121 7709
296 84 9968 3726
298 9007 5773 5543 9678 4852 3728 3111 7949
300 8994 3363
301 9353 935
302 7219 1534
303 7413 8406 7880 5572
304 5444 9013
306 5062
308 7012
312 7997 2114 6030
316 7238 2294 9719
319 6537 7659 79 5762 2058
320 2962 6855 6613 9292 447
321 2962 7438 7652
322 520 4958 4532 447 5219 9115 9075
323 4270 5437
325 8462
327 2058
328 7219
329 9579 2962
332 9008
336 2264 2260
338 2327 4787 2962 6635
340 2288 7861
342 3936
343 8168 3276 1774
344 5762 6613 1439
347 3051 71 1984 5425
348 6938 7653
350 7652 4824 8210 8723 2155
351 7438 321 5045 1121 3032
352 5715 2768 6842 9623 2643
353 2114 321 5219 9470
354 952 111
356 625
357 7861 8269
359 937
360 8345
361 2003
362 5007
363 4988 2600
365 202 8130 9533 427
367 9931
370 4660 6547 3123
371 2943 6842 5601
372 321 9277
373 6537 3074 79
374 6134
375 1774 550 5219
376 1216 7575 1979
378 9669
380 3894 5715
381 1534 2817 254 5715
382 2962
383 7987 8005
384 489 6702 7429 9172
385 2962 2737 2516
386 6030 8029 4035 7 1852 9968 5715 640 5397
387 9007 7429 6161
388 7153 1137 3438 3936 1149
390 5941
391 5175 2707
393 2 5348
395 1117 321 5251 8716
397 2288 4871
398 7219
400 2288
401 3758 1984
402 921 2699 5572 9842 8361 1042
404 8134 2168
405 6537 4664
406 321 1868 4314 7413 5821
408 9013
413 5437 8685 321
414 2 9958
415 5194
417 860
418 6240 3261 7302
419 5962
420 2240 3032
422 921 3103 2240
424 2240
425 321 8386
426 9384
427 3032 7153
428 7652 3663
429 5880 6613 7652 2136 6413
430 2 2986
432 208 3090 5119
433 2962 5053 1555 6014
434 8272 9244
435 1145
436 2121 3161
437 4589 932
439 3989 3023
440 8533
441 3728 2962 9842
442 4341
443 1162 1150 2842 3804
444 5715 8644
446 5500 2555
449 199
450 3982
451 4531 6584 2483 427 5748
452 7233
453 3691
456 2962 2305
457 4958
458 8470 4489
459 9903
460 79
463 9407 321 925 9848
466 6928 6232
467 2121 108
469 5224
470 2155
471 6795 4045 2893
472 7952 7762
474 4985 5156
475 3783 5401
476 183
477 9007
478 5748 5715 8760 2121
479 6408 9533 4907
480 6547
481 8108
482 1668
483 79
484 6584 555 2555
485 8528 2288 7949
488 7791 2121 9933
489 1429 1610 7055
492 1524 6258 296 2552 3602
493 6613 6538 9064 321 2571 7103 3012
494 8722 9299
496 7369
498 9243
