79
1 1780 0 1290 2 6 3626
2 120 3506 1 317 0 9 476 19 8 482 28 3244
3 27
5 756 7 5 728 2208 1263 18 3849
7 27 4371 356 8 2316 101
9 719 1077 7 74 2216 57 197 554 5451 5 30 14 2 6304 184 9 2381 78
10 0 2848 151 583 37 831 176 708 4310 1737 5926
11 66 303 7 1307 29
12 138 1410 867 8 37 404 19 869 0 9 389 1263 2153 199 16 1310 1502
14 708 13 138 240
15 439 7585 9365 43 158 14 69 552 2
17 138 4291 583 355 968 5227 4651 0
18 1070 7 1 7984 5789
19 1142
20 859 9 11 549 597 3706 560 69
21 5661 4247 2848 12 538 583 2 28 2264 852 7
22 308 5 369 27 8 1290 1310 7624 583 709 2989 0
23 28 23
24 1428 708 7 299 2546 74 1572 6138 9740 554 5 0 8 155 11 197
25 1869
26 977 3600 14 725 18 28 199 5 5974 9 31 549 5381 803 609
27 138 1981 176 35 252 4 464 20
28 0 20 2486 686
29 977
30 0
31 1365 0 110 867 34 132 8 184 869 6 7 204
32 28 242 2378 72 4061 20 2419 21 5921 14 1 18 7691
33 3173 5 20 19 7 3532 2848 8 3097 708 138
34 4977 27 155 3369 2153 138 665 120 0 8
36 1290
37 7 3097 56 1737 5603 1
39 795 1671 9 5921 0 3853 1174 583 40 28 301
41 110 84 8 251 78 24 6656 309 74
42 731 3054 424 0 14 4 176 8 2
45 37 7 15 27 106 138 399 966 93 254 504 3 1310 7055 8 0 1502 371
46 1502 1098 8743 14 9 1 968 11 152
47 148 8 494 0 67 2264 8719 47 7 155
48 0 28 4247 8 552 2381
49 20 7 1041 71 300 7559 61 6670 482
50 3244 5
51 487 0 468 138 155 345
53 583 3102 6845 155 60 681 1958 600 135 1495
54 7
55 1737 126 138 303 8 2033 3244 3477 7701 1502 797 967 19 554 77 867
56 1502 2264 728 3756
57 0 258 829 145 8 166 3975
58 2325 2
60 2
61 2780 29
62 28 1283 469 69 582 84 85 148 3870 1310 158 6224
63 968 8 138 60 7 5 9486 5313 41 68 859 0 27 28 176 316
64 9584 236 1737 1738 8 355 6769 679
66 5 7007 9 2179
67 299 2 9 3348 3975 708 0 9824 1290 641 1 1495 110 8080 52
68 9 0 27 63 1122 120
69 583
70 145
71 0 7 355 155 14 1495 290 9 1360 3684 1645 919 1671 3097
73 19
74 0 9 17 1170 843
75 3247 11 6165 850 2207 8271 3215 1 1671 14
76 2446 355 7749 138 42
78 27 126
80 107 7123 22 43 355 7 5603 8 155 40 9 12 8423 1869 5860
81 4 7320 659 3 7 0 5 8728
82 14 3097 1506 1671
83 5 725 37 3244 900 19 404 79 4225 155 0 8
84 5 2 0 878 621 370 16 5667 3
85 6729
86 7 222 588 23 9514 329 968
87 2
88 0 549 24 1263 7 8
89 19
90 554 1809 7 37 14
91 8 3244 2367 0 28 426 1866 14
92 84 1321 1131 3097 27
97 727 18 7
98 355 166 3097 15 4711 1423 1
99 4 7 726 28 3849 9 708 8
